<?xml version="1.0" encoding="UTF-8"?>
<!-- Generated by org.testng.reporters.JUnitXMLReporter -->
<testsuite ignored="0" hostname="AnkitPC" failures="1" tests="2" name="Test" time="5.598" errors="0" timestamp="2024-11-08T08:28:14 IST">
  <testcase classname="org.bescent.automation.Oct2024SeleniumBatch.Class2Selenium" name="loginToApp" time="1.573">
    <failure type="java.lang.AssertionError" message="expected [Swag Labs1] but found [Swag Labs]">
      <![CDATA[java.lang.AssertionError: expected [Swag Labs1] but found [Swag Labs]
at org.bescent.automation.Oct2024SeleniumBatch.Class2Selenium.loginToApp(Class2Selenium.java:54)
at java.base/java.util.ArrayList.forEach(ArrayList.java:1511)
... Removed 33 stack frames]]>
    </failure>
  </testcase> <!-- loginToApp -->
  <testcase classname="org.bescent.automation.Oct2024SeleniumBatch.Class2Selenium" name="addToCard" time="0.258"/>
</testsuite> <!-- Test -->
