<?xml version="1.0" encoding="UTF-8"?>
<testng-results ignored="0" total="1" passed="1" failed="0" skipped="0">
  <reporter-output>
  </reporter-output>
  <suite started-at="2024-11-08T08:50:07 IST" name="Default suite" finished-at="2024-11-08T08:50:12 IST" duration-ms="5464">
    <groups>
    </groups>
    <test started-at="2024-11-08T08:50:07 IST" name="Default test" finished-at="2024-11-08T08:50:12 IST" duration-ms="5464">
      <class name="org.bescent.automation.Oct2024SeleniumBatch.Class3Selenium">
        <test-method is-config="true" signature="launchBrowser()[pri:0, instance:org.bescent.automation.Oct2024SeleniumBatch.Class3Selenium@c730b35]" started-at="2024-11-08T08:50:07 IST" name="launchBrowser" finished-at="2024-11-08T08:50:10 IST" duration-ms="3171" status="PASS">
          <reporter-output>
          </reporter-output>
        </test-method> <!-- launchBrowser -->
        <test-method signature="loginToApp()[pri:0, instance:org.bescent.automation.Oct2024SeleniumBatch.Class3Selenium@c730b35]" started-at="2024-11-08T08:50:10 IST" name="loginToApp" finished-at="2024-11-08T08:50:12 IST" duration-ms="1826" status="PASS">
          <reporter-output>
          </reporter-output>
        </test-method> <!-- loginToApp -->
        <test-method is-config="true" signature="stopBrowser()[pri:0, instance:org.bescent.automation.Oct2024SeleniumBatch.Class3Selenium@c730b35]" started-at="2024-11-08T08:50:12 IST" name="stopBrowser" finished-at="2024-11-08T08:50:12 IST" duration-ms="353" status="PASS">
          <reporter-output>
          </reporter-output>
        </test-method> <!-- stopBrowser -->
      </class> <!-- org.bescent.automation.Oct2024SeleniumBatch.Class3Selenium -->
    </test> <!-- Default test -->
  </suite> <!-- Default suite -->
</testng-results>
